<?xml version="1.0" encoding="UTF-8"?>
<testsuite name="MockRecipeCreatorTest" tests="3" skipped="0" failures="0" errors="0" timestamp="2023-11-23T08:19:44" hostname="Stanleys-Air.home" time="0.014">
  <properties/>
  <testcase name="testFormatPrompt()" classname="MockRecipeCreatorTest" time="0.003"/>
  <testcase name="testReadFile()" classname="MockRecipeCreatorTest" time="0.003"/>
  <testcase name="testGenerateRecipe()" classname="MockRecipeCreatorTest" time="0.005"/>
  <system-out><![CDATA[Title: chicken and carrots dish

Ingredients: chicken, balut, carrots

Steps: [steps]
Title: chicken and carrots dish

Ingredients: chicken, balut, carrots

Steps: [steps]
Title: chicken and carrots dish

Ingredients: chicken, balut, carrots

Steps: [steps]
]]></system-out>
  <system-err><![CDATA[]]></system-err>
</testsuite>
