<?xml version="1.0" encoding="UTF-8"?>
<testsuite name="AppGuiTest" tests="2" skipped="0" failures="0" errors="0" timestamp="2023-11-26T05:24:10" hostname="MacBook-Pro-12.local" time="6.187">
  <properties/>
  <testcase name="testMessage()" classname="AppGuiTest" time="5.866"/>
  <testcase name="testChangeMessage(FxRobot)" classname="AppGuiTest" time="0.32"/>
  <system-out><![CDATA[]]></system-out>
  <system-err><![CDATA[Nov 25, 2023 9:24:10 PM com.sun.javafx.application.PlatformImpl startup
WARNING: Unsupported JavaFX configuration: classes were loaded from 'unnamed module @dd05255'
Nov 25, 2023 9:24:15 PM com.sun.glass.ui.mac.MacApplication lambda$waitForReactivation$6
WARNING: Timeout while waiting for app reactivation
]]></system-err>
</testsuite>
