<?xml version="1.0" encoding="UTF-8"?>
<testsuite name="ShareTest" tests="1" skipped="0" failures="0" errors="0" timestamp="2023-12-05T08:42:12" hostname="Heesoons-MacBook-Pro.local" time="4.937">
  <properties/>
  <testcase name="testShare()" classname="ShareTest" time="4.937"/>
  <system-out><![CDATA[]]></system-out>
  <system-err><![CDATA[Dec 05, 2023 12:42:11 AM com.sun.javafx.application.PlatformImpl startup
WARNING: Unsupported JavaFX configuration: classes were loaded from 'unnamed module @17bffc17'
Dec 05, 2023 12:42:16 AM com.sun.glass.ui.mac.MacApplication lambda$waitForReactivation$6
WARNING: Timeout while waiting for app reactivation
]]></system-err>
</testsuite>
