<?xml version="1.0" encoding="UTF-8"?>
<testsuite name="LoginTest" tests="3" skipped="0" failures="0" errors="0" timestamp="2023-12-05T08:41:56" hostname="Heesoons-MacBook-Pro.local" time="5.496">
  <properties/>
  <testcase name="testCreateUnusedUsername()" classname="LoginTest" time="5.494"/>
  <testcase name="testLoginButton()" classname="LoginTest" time="0.001"/>
  <testcase name="testCreateButton()" classname="LoginTest" time="0.001"/>
  <system-out><![CDATA[not found
]]></system-out>
  <system-err><![CDATA[Dec 05, 2023 12:41:55 AM com.sun.javafx.application.PlatformImpl startup
WARNING: Unsupported JavaFX configuration: classes were loaded from 'unnamed module @5b38c1ec'
Dec 05, 2023 12:42:01 AM com.sun.glass.ui.mac.MacApplication lambda$waitForReactivation$6
WARNING: Timeout while waiting for app reactivation
Dec 05, 2023 12:42:01 AM com.mongodb.internal.diagnostics.logging.Loggers shouldUseSLF4J
WARNING: SLF4J not found on the classpath.  Logging is disabled for the 'org.mongodb.driver' component
]]></system-err>
</testsuite>
