<?xml version="1.0" encoding="UTF-8"?>
<testsuite name="IntegrationTest" tests="1" skipped="0" failures="0" errors="0" timestamp="2023-11-24T12:31:35" hostname="MacBook-Pro-12.local" time="2.01">
  <properties/>
  <testcase name="Integration1()" classname="IntegrationTest" time="2.01"/>
  <system-out><![CDATA[]]></system-out>
  <system-err><![CDATA[Exception in thread "Thread-6" java.lang.IllegalStateException: Application launch must not be called more than once
	at com.sun.javafx.application.LauncherImpl.launchApplication(LauncherImpl.java:176)
	at com.sun.javafx.application.LauncherImpl.launchApplication(LauncherImpl.java:154)
	at javafx.application.Application.launch(Application.java:233)
	at IntegrationTest$1.run(IntegrationTest.java:39)
	at java.base/java.lang.Thread.run(Thread.java:842)
Nov 24, 2023 4:31:35 AM com.sun.javafx.application.PlatformImpl startup
WARNING: Unsupported JavaFX configuration: classes were loaded from 'unnamed module @77ad2aa5'
]]></system-err>
</testsuite>
