<?xml version="1.0" encoding="UTF-8"?>
<testsuite name="InputTest" tests="1" skipped="0" failures="0" errors="0" timestamp="2023-11-23T08:19:42" hostname="Stanleys-Air.home" time="0.006">
  <properties/>
  <testcase name="FakeResponse()" classname="InputTest" time="0.006"/>
  <system-out><![CDATA[]]></system-out>
  <system-err><![CDATA[]]></system-err>
</testsuite>
