<?xml version="1.0" encoding="UTF-8"?>
<testsuite name="RecipeRegenerateTest" tests="1" skipped="0" failures="0" errors="0" timestamp="2023-12-01T04:12:27" hostname="MacBook-Pro-12.local" time="0.01">
  <properties/>
  <testcase name="testRecipeRegenerationAndSave()" classname="RecipeRegenerateTest" time="0.01"/>
  <system-out><![CDATA[]]></system-out>
  <system-err><![CDATA[]]></system-err>
</testsuite>
