<?xml version="1.0" encoding="UTF-8"?>
<testsuite name="RecipeParserTest" tests="2" skipped="0" failures="0" errors="0" timestamp="2023-11-24T12:31:48" hostname="MacBook-Pro-12.local" time="0.009">
  <properties/>
  <testcase name="testParseSpecificInputWithDashSpace()" classname="RecipeParserTest" time="0.007"/>
  <testcase name="testParseSpecificInputWithoutDashSpace()" classname="RecipeParserTest" time="0.001"/>
  <system-out><![CDATA[file not found :/
file not found :/
]]></system-out>
  <system-err><![CDATA[IOException: java.io.FileNotFoundException: /src/main/resources/recipe.txt (No such file or directory)
IOException: java.io.FileNotFoundException: /src/main/resources/recipe.txt (No such file or directory)
]]></system-err>
</testsuite>
