<?xml version="1.0" encoding="UTF-8"?>
<testsuite name="AppTest" tests="9" skipped="0" failures="0" errors="0" timestamp="2023-11-26T05:24:16" hostname="MacBook-Pro-12.local" time="0.073">
  <properties/>
  <testcase name="testDeleteButton()" classname="AppTest" time="0.045"/>
  <testcase name="testSaveButton()" classname="AppTest" time="0.004"/>
  <testcase name="testEditButton()" classname="AppTest" time="0.003"/>
  <testcase name="testBackButton()" classname="AppTest" time="0.0"/>
  <testcase name="testViewButton()" classname="AppTest" time="0.005"/>
  <testcase name="testStartButton()" classname="AppTest" time="0.011"/>
  <testcase name="testHeader()" classname="AppTest" time="0.001"/>
  <testcase name="testStopButton()" classname="AppTest" time="0.001"/>
  <testcase name="testCreateButton()" classname="AppTest" time="0.001"/>
  <system-out><![CDATA[


]]></system-out>
  <system-err><![CDATA[--- Exception in Async Thread ---
java.lang.IllegalStateException: Application launch must not be called more than once
	com.sun.javafx.application.LauncherImpl.launchApplication(LauncherImpl.java:176)
	com.sun.javafx.application.LauncherImpl.launchApplication(LauncherImpl.java:154)
	javafx.application.Application.launch(Application.java:233)
	AppTest$1.run(AppTest.java:36)
	java.base/java.lang.Thread.run(Thread.java:842)

]]></system-err>
</testsuite>
