<?xml version="1.0" encoding="UTF-8"?>
<testsuite name="AppTest" tests="9" skipped="0" failures="0" errors="0" timestamp="2023-12-05T21:43:01" hostname="Ragalinas-MacBook-Pro.local" time="4.154">
  <properties/>
  <testcase name="testDeleteButton()" classname="AppTest" time="1.526"/>
  <testcase name="testSaveButton()" classname="AppTest" time="0.422"/>
  <testcase name="testEditButton()" classname="AppTest" time="0.501"/>
  <testcase name="testBackButton()" classname="AppTest" time="0.24"/>
  <testcase name="testViewButton()" classname="AppTest" time="0.455"/>
  <testcase name="testStartButton()" classname="AppTest" time="0.222"/>
  <testcase name="testHeader()" classname="AppTest" time="0.272"/>
  <testcase name="testStopButton()" classname="AppTest" time="0.22"/>
  <testcase name="testCreateButton()" classname="AppTest" time="0.292"/>
  <system-out><![CDATA[]]></system-out>
  <system-err><![CDATA[Dec 05, 2023 1:43:01 PM com.sun.javafx.application.PlatformImpl startup
WARNING: Unsupported JavaFX configuration: classes were loaded from 'unnamed module @815b41f'
]]></system-err>
</testsuite>
