<?xml version="1.0" encoding="UTF-8"?>
<testsuite name="IntegrationTest2" tests="1" skipped="0" failures="0" errors="0" timestamp="2023-12-05T21:43:28" hostname="Ragalinas-MacBook-Pro.local" time="16.26">
  <properties/>
  <testcase name="integrationTest2()" classname="IntegrationTest2" time="16.26"/>
  <system-out><![CDATA[not found
Account not found
not found
Inserted user account into MongoDB
found
test
loading
loading
found
test
loading
loading
found: {"_id": {"$oid": "656f99823dfb16032a9c05b5"}, "title": "B", "ingredients": "", "steps": "", "imageURL": "https://demo.sirv.com/looks.jpg?h=150&w=150", "mealType": "Breakfast"}
found: {"_id": {"$oid": "656f99823dfb16032a9c05b4"}, "title": "A", "ingredients": "", "steps": "", "imageURL": "https://demo.sirv.com/looks.jpg?h=150&w=150", "mealType": "Dinner"}
B, A is 1
A, B is -1
Null title found
found
Deleted user account from MongoDB
not found
Account not found
]]></system-out>
  <system-err><![CDATA[Dec 05, 2023 1:43:28 PM com.mongodb.internal.diagnostics.logging.Loggers shouldUseSLF4J
WARNING: SLF4J not found on the classpath.  Logging is disabled for the 'org.mongodb.driver' component
Dec 05, 2023 1:43:32 PM com.sun.javafx.application.PlatformImpl startup
WARNING: Unsupported JavaFX configuration: classes were loaded from 'unnamed module @544fa968'
]]></system-err>
</testsuite>
