<?xml version="1.0" encoding="UTF-8"?>
<testsuite name="MockImageGeneratorTest" tests="1" skipped="0" failures="0" errors="0" timestamp="2023-12-01T04:12:15" hostname="MacBook-Pro-12.local" time="5.494">
  <properties/>
  <testcase name="testImageGenerationWhileCreating()" classname="MockImageGeneratorTest" time="5.494"/>
  <system-out><![CDATA[


]]></system-out>
  <system-err><![CDATA[Nov 30, 2023 8:12:14 PM com.sun.javafx.application.PlatformImpl startup
WARNING: Unsupported JavaFX configuration: classes were loaded from 'unnamed module @5fe94a96'
Nov 30, 2023 8:12:19 PM com.sun.glass.ui.mac.MacApplication lambda$waitForReactivation$6
WARNING: Timeout while waiting for app reactivation
Nov 30, 2023 8:12:20 PM com.mongodb.internal.diagnostics.logging.Loggers shouldUseSLF4J
WARNING: SLF4J not found on the classpath.  Logging is disabled for the 'org.mongodb.driver' component
]]></system-err>
</testsuite>
