<?xml version="1.0" encoding="UTF-8"?>
<testsuite name="SortFilterTest" tests="4" skipped="0" failures="0" errors="0" timestamp="2023-12-05T09:28:21" hostname="Heesoons-MacBook-Pro.local" time="4.707">
  <properties/>
  <testcase name="testSortButton()" classname="SortFilterTest" time="4.687"/>
  <testcase name="testFilterButton()" classname="SortFilterTest" time="0.001"/>
  <testcase name="testSortReverseAlphabetically()" classname="SortFilterTest" time="0.011"/>
  <testcase name="testSortAlphabetically()" classname="SortFilterTest" time="0.005"/>
  <system-out><![CDATA[Null title found
Type mismatch: class javafx.scene.layout.Pane, class pantryPal.client.View.RecipeTitle
Apple Pie, Banana Bread is -1
Banana Bread, Apple Pie is 1
Null title found
Type mismatch: class javafx.scene.layout.Pane, class pantryPal.client.View.RecipeTitle
]]></system-out>
  <system-err><![CDATA[Dec 05, 2023 1:28:20 AM com.sun.javafx.application.PlatformImpl startup
WARNING: Unsupported JavaFX configuration: classes were loaded from 'unnamed module @68c9d179'
Dec 05, 2023 1:28:25 AM com.sun.glass.ui.mac.MacApplication lambda$waitForReactivation$6
WARNING: Timeout while waiting for app reactivation
]]></system-err>
</testsuite>
