<?xml version="1.0" encoding="UTF-8"?>
<testsuite name="ShareTest" tests="1" skipped="0" failures="0" errors="0" timestamp="2023-12-05T09:28:15" hostname="Heesoons-MacBook-Pro.local" time="5.042">
  <properties/>
  <testcase name="testShare()" classname="ShareTest" time="5.042"/>
  <system-out><![CDATA[]]></system-out>
  <system-err><![CDATA[Dec 05, 2023 1:28:14 AM com.sun.javafx.application.PlatformImpl startup
WARNING: Unsupported JavaFX configuration: classes were loaded from 'unnamed module @17bffc17'
Dec 05, 2023 1:28:19 AM com.sun.glass.ui.mac.MacApplication lambda$waitForReactivation$6
WARNING: Timeout while waiting for app reactivation
]]></system-err>
</testsuite>
