<?xml version="1.0" encoding="UTF-8"?>
<testsuite name="AppTest" tests="9" skipped="0" failures="0" errors="0" timestamp="2023-12-05T09:27:11" hostname="Heesoons-MacBook-Pro.local" time="5.212">
  <properties/>
  <testcase name="testDeleteButton()" classname="AppTest" time="5.017"/>
  <testcase name="testSaveButton()" classname="AppTest" time="0.04"/>
  <testcase name="testEditButton()" classname="AppTest" time="0.089"/>
  <testcase name="testBackButton()" classname="AppTest" time="0.0"/>
  <testcase name="testViewButton()" classname="AppTest" time="0.061"/>
  <testcase name="testStartButton()" classname="AppTest" time="0.0"/>
  <testcase name="testHeader()" classname="AppTest" time="0.0"/>
  <testcase name="testStopButton()" classname="AppTest" time="0.001"/>
  <testcase name="testCreateButton()" classname="AppTest" time="0.001"/>
  <system-out><![CDATA[]]></system-out>
  <system-err><![CDATA[Dec 05, 2023 1:27:10 AM com.sun.javafx.application.PlatformImpl startup
WARNING: Unsupported JavaFX configuration: classes were loaded from 'unnamed module @6b09fb41'
Dec 05, 2023 1:27:16 AM com.sun.glass.ui.mac.MacApplication lambda$waitForReactivation$6
WARNING: Timeout while waiting for app reactivation
]]></system-err>
</testsuite>
