<?xml version="1.0" encoding="UTF-8"?>
<testsuite name="AppTest" tests="9" skipped="0" failures="0" errors="0" timestamp="2023-12-05T21:08:05" hostname="MacBook-Pro-12.local" time="5.718">
  <properties/>
  <testcase name="testDeleteButton()" classname="AppTest" time="5.485"/>
  <testcase name="testSaveButton()" classname="AppTest" time="0.053"/>
  <testcase name="testEditButton()" classname="AppTest" time="0.078"/>
  <testcase name="testBackButton()" classname="AppTest" time="0.002"/>
  <testcase name="testViewButton()" classname="AppTest" time="0.089"/>
  <testcase name="testStartButton()" classname="AppTest" time="0.001"/>
  <testcase name="testHeader()" classname="AppTest" time="0.001"/>
  <testcase name="testStopButton()" classname="AppTest" time="0.001"/>
  <testcase name="testCreateButton()" classname="AppTest" time="0.001"/>
  <system-out><![CDATA[]]></system-out>
  <system-err><![CDATA[Dec 05, 2023 1:08:04 PM com.sun.javafx.application.PlatformImpl startup
WARNING: Unsupported JavaFX configuration: classes were loaded from 'unnamed module @5542c4ed'
Dec 05, 2023 1:08:09 PM com.sun.glass.ui.mac.MacApplication lambda$waitForReactivation$6
WARNING: Timeout while waiting for app reactivation
]]></system-err>
</testsuite>
