<?xml version="1.0" encoding="UTF-8"?>
<testsuite name="InputTest" tests="1" skipped="0" failures="0" errors="0" timestamp="2023-11-24T12:31:34" hostname="MacBook-Pro-12.local" time="0.007">
  <properties/>
  <testcase name="FakeResponse()" classname="InputTest" time="0.007"/>
  <system-out><![CDATA[]]></system-out>
  <system-err><![CDATA[]]></system-err>
</testsuite>
