<?xml version="1.0" encoding="UTF-8"?>
<testsuite name="SortFilterTest" tests="4" skipped="0" failures="0" errors="0" timestamp="2023-12-05T21:09:13" hostname="MacBook-Pro-12.local" time="4.807">
  <properties/>
  <testcase name="testSortButton()" classname="SortFilterTest" time="4.776"/>
  <testcase name="testFilterButton()" classname="SortFilterTest" time="0.001"/>
  <testcase name="testSortReverseAlphabetically()" classname="SortFilterTest" time="0.02"/>
  <testcase name="testSortAlphabetically()" classname="SortFilterTest" time="0.009"/>
  <system-out><![CDATA[Null title found
Type mismatch: class javafx.scene.layout.Pane, class pantryPal.client.View.RecipeTitle
Apple Pie, Banana Bread is -1
Banana Bread, Apple Pie is 1
Null title found
Type mismatch: class javafx.scene.layout.Pane, class pantryPal.client.View.RecipeTitle
]]></system-out>
  <system-err><![CDATA[Dec 05, 2023 1:09:13 PM com.sun.javafx.application.PlatformImpl startup
WARNING: Unsupported JavaFX configuration: classes were loaded from 'unnamed module @7c7a06ec'
Dec 05, 2023 1:09:18 PM com.sun.glass.ui.mac.MacApplication lambda$waitForReactivation$6
WARNING: Timeout while waiting for app reactivation
]]></system-err>
</testsuite>
