<?xml version="1.0" encoding="UTF-8"?>
<testsuite name="SortFilterTest" tests="4" skipped="0" failures="0" errors="0" timestamp="2023-12-05T21:43:57" hostname="Ragalinas-MacBook-Pro.local" time="2.146">
  <properties/>
  <testcase name="testSortButton()" classname="SortFilterTest" time="1.346"/>
  <testcase name="testFilterButton()" classname="SortFilterTest" time="0.296"/>
  <testcase name="testSortReverseAlphabetically()" classname="SortFilterTest" time="0.25"/>
  <testcase name="testSortAlphabetically()" classname="SortFilterTest" time="0.252"/>
  <system-out><![CDATA[Null title found
Type mismatch: class javafx.scene.layout.Pane, class pantryPal.client.View.RecipeTitle
Apple Pie, Banana Bread is -1
Banana Bread, Apple Pie is 1
Null title found
Type mismatch: class javafx.scene.layout.Pane, class pantryPal.client.View.RecipeTitle
]]></system-out>
  <system-err><![CDATA[Dec 05, 2023 1:43:57 PM com.sun.javafx.application.PlatformImpl startup
WARNING: Unsupported JavaFX configuration: classes were loaded from 'unnamed module @1d296da'
]]></system-err>
</testsuite>
