<?xml version="1.0" encoding="UTF-8"?>
<testsuite name="IntegrationTest" tests="1" skipped="0" failures="0" errors="0" timestamp="2023-11-26T05:47:53" hostname="DESKTOP-7QFM5N9" time="2.028">
  <properties/>
  <testcase name="Integration1()" classname="IntegrationTest" time="2.028"/>
  <system-out><![CDATA[


]]></system-out>
  <system-err><![CDATA[Exception in thread "Thread-6" java.lang.IllegalStateException: Application launch must not be called more than once
	at com.sun.javafx.application.LauncherImpl.launchApplication(LauncherImpl.java:176)
	at com.sun.javafx.application.LauncherImpl.launchApplication(LauncherImpl.java:154)
	at javafx.application.Application.launch(Application.java:233)
	at IntegrationTest$1.run(IntegrationTest.java:42)
	at java.base/java.lang.Thread.run(Thread.java:840)
Nov 25, 2023 9:47:53 PM com.sun.javafx.application.PlatformImpl startup
WARNING: Unsupported JavaFX configuration: classes were loaded from 'unnamed module @31f9b85e'
]]></system-err>
</testsuite>
