<?xml version="1.0" encoding="UTF-8"?>
<testsuite name="test.java.MockRecipeCreatorTest" tests="3" skipped="0" failures="0" errors="0" timestamp="2023-11-06T03:04:28" hostname="MacBook-Pro-12.lan" time="0.016">
  <properties/>
  <testcase name="testFormatPrompt()" classname="test.java.MockRecipeCreatorTest" time="0.013"/>
  <testcase name="testReadFile()" classname="test.java.MockRecipeCreatorTest" time="0.002"/>
  <testcase name="testGenerateRecipe()" classname="test.java.MockRecipeCreatorTest" time="0.001"/>
  <system-out><![CDATA[Success
]]></system-out>
  <system-err><![CDATA[]]></system-err>
</testsuite>
