<?xml version="1.0" encoding="UTF-8"?>
<testsuite name="MockRecipeCreatorTest" tests="3" skipped="0" failures="0" errors="0" timestamp="2023-12-05T09:28:13" hostname="Heesoons-MacBook-Pro.local" time="0.015">
  <properties/>
  <testcase name="testFormatPrompt()" classname="MockRecipeCreatorTest" time="0.01"/>
  <testcase name="testReadFile()" classname="MockRecipeCreatorTest" time="0.0"/>
  <testcase name="testGenerateRecipe()" classname="MockRecipeCreatorTest" time="0.003"/>
  <system-out><![CDATA[Title: chicken and carrots dish

Ingredients: chicken, balut, carrots

Steps: [steps]
Title: chicken and carrots dish

Ingredients: chicken, balut, carrots

Steps: [steps]
Title: chicken and carrots dish

Ingredients: chicken, balut, carrots

Steps: [steps]
]]></system-out>
  <system-err><![CDATA[]]></system-err>
</testsuite>
