<?xml version="1.0" encoding="UTF-8"?>
<testsuite name="AppGuiTest" tests="2" skipped="0" failures="0" errors="0" timestamp="2023-11-24T12:31:13" hostname="MacBook-Pro-12.local" time="6.387">
  <properties/>
  <testcase name="testMessage()" classname="AppGuiTest" time="6.075"/>
  <testcase name="testChangeMessage(FxRobot)" classname="AppGuiTest" time="0.311"/>
  <system-out><![CDATA[]]></system-out>
  <system-err><![CDATA[Nov 24, 2023 4:31:13 AM com.sun.javafx.application.PlatformImpl startup
WARNING: Unsupported JavaFX configuration: classes were loaded from 'unnamed module @77ad2aa5'
Nov 24, 2023 4:31:18 AM com.sun.glass.ui.mac.MacApplication lambda$waitForReactivation$6
WARNING: Timeout while waiting for app reactivation
]]></system-err>
</testsuite>
