<?xml version="1.0" encoding="UTF-8"?>
<testsuite name="MockImageGeneratorTest" tests="1" skipped="0" failures="0" errors="0" timestamp="2023-12-05T21:43:49" hostname="Ragalinas-MacBook-Pro.local" time="2.64">
  <properties/>
  <testcase name="testImageGenerationWhileCreating()" classname="MockImageGeneratorTest" time="2.64"/>
  <system-out><![CDATA[]]></system-out>
  <system-err><![CDATA[Dec 05, 2023 1:43:49 PM com.sun.javafx.application.PlatformImpl startup
WARNING: Unsupported JavaFX configuration: classes were loaded from 'unnamed module @639c2c1d'
]]></system-err>
</testsuite>
