<?xml version="1.0" encoding="UTF-8"?>
<testsuite name="AccountManagerTest" tests="2" skipped="0" failures="0" errors="0" timestamp="2023-12-05T08:41:23" hostname="Heesoons-MacBook-Pro.local" time="5.285">
  <properties/>
  <testcase name="testInsertAccount()" classname="AccountManagerTest" time="2.576"/>
  <testcase name="testSearchAccount()" classname="AccountManagerTest" time="2.708"/>
  <system-out><![CDATA[not found
Inserted user account into MongoDB
found
Deleted user account from MongoDB
not found
Inserted user account into MongoDB
found
found
Deleted user account from MongoDB
]]></system-out>
  <system-err><![CDATA[Dec 05, 2023 12:41:23 AM com.mongodb.internal.diagnostics.logging.Loggers shouldUseSLF4J
WARNING: SLF4J not found on the classpath.  Logging is disabled for the 'org.mongodb.driver' component
Dec 05, 2023 12:41:23 AM com.sun.javafx.application.PlatformImpl startup
WARNING: Unsupported JavaFX configuration: classes were loaded from 'unnamed module @15a34df2'
Dec 05, 2023 12:41:29 AM com.sun.glass.ui.mac.MacApplication lambda$waitForReactivation$6
WARNING: Timeout while waiting for app reactivation
]]></system-err>
</testsuite>
