<?xml version="1.0" encoding="UTF-8"?>
<testsuite name="ShareTest" tests="1" skipped="0" failures="0" errors="0" timestamp="2023-12-05T21:43:54" hostname="Ragalinas-MacBook-Pro.local" time="1.542">
  <properties/>
  <testcase name="testShare()" classname="ShareTest" time="1.542"/>
  <system-out><![CDATA[]]></system-out>
  <system-err><![CDATA[Dec 05, 2023 1:43:54 PM com.sun.javafx.application.PlatformImpl startup
WARNING: Unsupported JavaFX configuration: classes were loaded from 'unnamed module @639c2c1d'
]]></system-err>
</testsuite>
